<?xml version="1.0" encoding="UTF-8"?>
<robot generator="Robot 3.2.1 (Python 3.8.5 on win32)" generated="20200908 14:44:03.271" rpa="false">
<suite id="s1" name="TC01" source="C:\Users\CHANDRASEKHARJANGA\git\MavenRobotFramework\MavenRobotFramework\TC01.robot">
<test id="s1-t1" name="FirstTest">
<kw name="Open Browser" library="SeleniumLibrary">
<doc>Opens a new browser instance to the given ``url``.</doc>
<arguments>
<arg>https://google.com</arg>
<arg>chrome</arg>
</arguments>
<msg timestamp="20200908 14:44:03.699" level="INFO">Opening browser 'chrome' to base url 'https://google.com'.</msg>
<status status="PASS" starttime="20200908 14:44:03.698" endtime="20200908 14:44:08.520"></status>
</kw>
<kw name="Sleep" library="BuiltIn">
<doc>Pauses the test executed for the given time.</doc>
<arguments>
<arg>5</arg>
</arguments>
<msg timestamp="20200908 14:44:13.531" level="INFO">Slept 5 seconds</msg>
<status status="PASS" starttime="20200908 14:44:08.522" endtime="20200908 14:44:13.531"></status>
</kw>
<kw name="Wait Until Page Contains" library="SeleniumLibrary">
<doc>Waits until ``text`` appears on current page.</doc>
<arguments>
<arg>Google</arg>
</arguments>
<status status="PASS" starttime="20200908 14:44:13.532" endtime="20200908 14:44:13.550"></status>
</kw>
<kw name="Close Browser" library="SeleniumLibrary">
<doc>Closes the current browser.</doc>
<status status="PASS" starttime="20200908 14:44:13.551" endtime="20200908 14:44:15.928"></status>
</kw>
<status status="PASS" starttime="20200908 14:44:03.698" endtime="20200908 14:44:15.931" critical="yes"></status>
</test>
<status status="PASS" starttime="20200908 14:44:03.274" endtime="20200908 14:44:15.938"></status>
</suite>
<statistics>
<total>
<stat pass="1" fail="0">Critical Tests</stat>
<stat pass="1" fail="0">All Tests</stat>
</total>
<tag>
</tag>
<suite>
<stat pass="1" fail="0" id="s1" name="TC01">TC01</stat>
</suite>
</statistics>
<errors>
</errors>
</robot>
