<?xml version="1.0" encoding="UTF-8"?>
<robot generator="Robot 3.2.1 (Python 3.8.5 on win32)" generated="20200908 10:00:18.910" rpa="false">
<suite id="s1" name="MavenRobotFramework" source="C:\Users\CHANDRASEKHARJANGA\eclipse-workspace\RobotFramework\MavenRobotFramework">
<suite id="s1-s1" name="TC01" source="C:\Users\CHANDRASEKHARJANGA\eclipse-workspace\RobotFramework\MavenRobotFramework\TC01.robot">
<test id="s1-s1-t1" name="FirstTest">
<kw name="Open Browser" library="SeleniumLibrary">
<doc>Opens a new browser instance to the given ``url``.</doc>
<arguments>
<arg>https://google.com</arg>
<arg>chrome</arg>
</arguments>
<msg timestamp="20200908 10:00:19.832" level="INFO">Opening browser 'chrome' to base url 'https://google.com'.</msg>
<status status="PASS" starttime="20200908 10:00:19.831" endtime="20200908 10:00:25.150"></status>
</kw>
<kw name="Wait Until Page Contains" library="SeleniumLibrary">
<doc>Waits until ``text`` appears on current page.</doc>
<arguments>
<arg>Google</arg>
</arguments>
<status status="PASS" starttime="20200908 10:00:25.151" endtime="20200908 10:00:25.184"></status>
</kw>
<kw name="Close Browser" library="SeleniumLibrary">
<doc>Closes the current browser.</doc>
<status status="PASS" starttime="20200908 10:00:25.185" endtime="20200908 10:00:27.557"></status>
</kw>
<status status="PASS" starttime="20200908 10:00:19.830" endtime="20200908 10:00:27.560" critical="yes"></status>
</test>
<status status="PASS" starttime="20200908 10:00:19.438" endtime="20200908 10:00:27.566"></status>
</suite>
<status status="PASS" starttime="20200908 10:00:19.401" endtime="20200908 10:00:27.579"></status>
</suite>
<statistics>
<total>
<stat pass="1" fail="0">Critical Tests</stat>
<stat pass="1" fail="0">All Tests</stat>
</total>
<tag>
</tag>
<suite>
<stat pass="1" fail="0" id="s1" name="MavenRobotFramework">MavenRobotFramework</stat>
<stat pass="1" fail="0" id="s1-s1" name="TC01">MavenRobotFramework.TC01</stat>
</suite>
</statistics>
<errors>
</errors>
</robot>
